[0;32m[Auto-Sync] Iniciado[0m
[1;33m[23:05:06] Cambios detectados, sincronizando...[0m
[main ac885e3] Auto-sync: 2026-03-23 23:05:06
 4 files changed, 39 insertions(+)
 create mode 100644 .auto-sync.log
 create mode 100755 auto-sync.sh
 delete mode 100644 images/Characters/char1.png
 create mode 100644 images/Characters/char_16.png
To https://github.com/benmar0834/SuccubusIslandPage
   4893922..ac885e3  main -> main
[0;32m[23:05:07] ✓ Sincronized con GitHub[0m
[1;33m[23:05:09] Cambios detectados, sincronizando...[0m
[main d2be51a] Auto-sync: 2026-03-23 23:05:09
 1 file changed, 10 insertions(+)
To https://github.com/benmar0834/SuccubusIslandPage
   ac885e3..d2be51a  main -> main
[0;32m[23:05:10] ✓ Sincronized con GitHub[0m
[1;33m[23:05:12] Cambios detectados, sincronizando...[0m
[main 93e9f8b] Auto-sync: 2026-03-23 23:05:12
 1 file changed, 6 insertions(+)
To https://github.com/benmar0834/SuccubusIslandPage
   d2be51a..93e9f8b  main -> main
[0;32m[23:05:13] ✓ Sincronized con GitHub[0m
[1;33m[23:05:15] Cambios detectados, sincronizando...[0m
[main 107c6cb] Auto-sync: 2026-03-23 23:05:15
 1 file changed, 6 insertions(+)
To https://github.com/benmar0834/SuccubusIslandPage
   93e9f8b..107c6cb  main -> main
[0;32m[23:05:16] ✓ Sincronized con GitHub[0m
[1;33m[23:05:18] Cambios detectados, sincronizando...[0m
[main c83807b] Auto-sync: 2026-03-23 23:05:18
 1 file changed, 6 insertions(+)
To https://github.com/benmar0834/SuccubusIslandPage
   107c6cb..c83807b  main -> main
[0;32m[23:05:19] ✓ Sincronized con GitHub[0m
[1;33m[23:05:21] Cambios detectados, sincronizando...[0m
[main 60f61d4] Auto-sync: 2026-03-23 23:05:21
 2 files changed, 6 insertions(+)
 rename images/Characters/{char_16.png => char1.png} (100%)
To https://github.com/benmar0834/SuccubusIslandPage
   c83807b..60f61d4  main -> main
[0;32m[23:05:22] ✓ Sincronized con GitHub[0m
[1;33m[23:05:24] Cambios detectados, sincronizando...[0m
